<?xml version="1.0" encoding="UTF-8"?>
<!-- Generated by org.testng.reporters.JUnitReportReporter -->
<testsuite hostname="MALOOTYPC" name="HackerRankTests.HackerRankTestCases" tests="1" failures="0" timestamp="16 Feb 2020 06:01:02 GMT" time="0.025" errors="0">
  <testcase name="printPrime_Test" time="0.025" classname="HackerRankTests.HackerRankTestCases"/>
</testsuite> <!-- HackerRankTests.HackerRankTestCases -->
