<?xml version="1.0" encoding="UTF-8"?>
<!-- Generated by org.testng.reporters.JUnitReportReporter -->
<testsuite hostname="MALOOTYPC" name="HackerRankTests.HackerRankTestCases" tests="2" failures="0" timestamp="13 Feb 2020 00:49:39 GMT" time="0.023" errors="0">
  <testcase name="dataTypes_Test" time="0.004" classname="HackerRankTests.HackerRankTestCases"/>
  <testcase name="convertStringTest" time="0.019" classname="HackerRankTests.HackerRankTestCases"/>
</testsuite> <!-- HackerRankTests.HackerRankTestCases -->
