<?xml version="1.0" encoding="UTF-8"?>
<!-- Generated by org.testng.reporters.JUnitReportReporter -->
<testsuite hostname="MALOOTYPC" name="HackerRankTests.HackerRankTestCases" tests="1" failures="0" timestamp="17 Feb 2020 19:41:39 GMT" time="0.024" errors="0">
  <testcase name="FibinocciNR_Test" time="0.024" classname="HackerRankTests.HackerRankTestCases"/>
</testsuite> <!-- HackerRankTests.HackerRankTestCases -->
