<?xml version="1.0" encoding="UTF-8"?>
<!-- Generated by org.testng.reporters.JUnitReportReporter -->
<testsuite hostname="MALOOTYPC" name="HackerRankTests.HackerRankTestCases" tests="1" failures="0" timestamp="12 Feb 2020 03:15:39 GMT" time="0.023" errors="0">
  <testcase name="conditionalActions_Test" time="0.023" classname="HackerRankTests.HackerRankTestCases"/>
</testsuite> <!-- HackerRankTests.HackerRankTestCases -->
